#
# There is insufficient memory for the Java Runtime Environment to continue.
# Native memory allocation (mmap) failed to map 29360128 bytes for G1 virtual space
# Possible reasons:
#   The system is out of physical RAM or swap space
#   The process is running with CompressedOops enabled, and the Java Heap may be blocking the growth of the native heap
# Possible solutions:
#   Reduce memory load on the system
#   Increase physical memory or swap space
#   Check if swap backing store is full
#   Decrease Java heap size (-Xmx/-Xms)
#   Decrease number of Java threads
#   Decrease Java thread stack sizes (-Xss)
#   Set larger code cache with -XX:ReservedCodeCacheSize=
#   JVM is running with Zero Based Compressed Oops mode in which the Java heap is
#     placed in the first 32GB address space. The Java Heap base address is the
#     maximum limit for the native heap growth. Please use -XX:HeapBaseMinAddress
#     to set the Java Heap base and to place the Java Heap above 32GB virtual address.
# This output file may be truncated or incomplete.
#
#  Out of Memory Error (os_windows.cpp:3466), pid=2392, tid=4988
#
# JRE version: OpenJDK Runtime Environment (16.0.1+9) (build 16.0.1+9-24)
# Java VM: OpenJDK 64-Bit Server VM (16.0.1+9-24, mixed mode, tiered, compressed oops, compressed class ptrs, g1 gc, windows-amd64)
# No core dump will be written. Minidumps are not enabled by default on client versions of Windows
#

---------------  S U M M A R Y ------------

Command Line: -Dfile.encoding=UTF-8 -XX:+ShowCodeDetailsInExceptionMessages com.selectivegames.main.selectivegames.SelectiveGamesApplication

Host: Intel(R) Core(TM) i5-4300U CPU @ 1.90GHz, 4 cores, 11G,  Windows 10 , 64 bit Build 19041 (10.0.19041.1202)
Time: Fri Nov 12 16:53:21 2021 India Standard Time elapsed time: 424.722474 seconds (0d 0h 7m 4s)

---------------  T H R E A D  ---------------

Current thread (0x0000027e7f48cc90):  VMThread "VM Thread" [stack: 0x000000831aa00000,0x000000831ab00000] [id=4988]

Stack: [0x000000831aa00000,0x000000831ab00000]
Native frames: (J=compiled Java code, j=interpreted, Vv=VM code, C=native code)
V  [jvm.dll+0x6687ca]
V  [jvm.dll+0x7ca3c9]
V  [jvm.dll+0x7cbb53]
V  [jvm.dll+0x7cc1b3]
V  [jvm.dll+0x242ea5]
V  [jvm.dll+0x665589]
V  [jvm.dll+0x65a175]
V  [jvm.dll+0x2fc5ab]
V  [jvm.dll+0x3037a6]
V  [jvm.dll+0x352fee]
V  [jvm.dll+0x35321f]
V  [jvm.dll+0x2d3618]
V  [jvm.dll+0x2d11a5]
V  [jvm.dll+0x2d07dc]
V  [jvm.dll+0x3158c2]
V  [jvm.dll+0x7d05eb]
V  [jvm.dll+0x7d12e4]
V  [jvm.dll+0x7d17e9]
V  [jvm.dll+0x7d1aa4]
V  [jvm.dll+0x7d1b70]
V  [jvm.dll+0x779b4a]
V  [jvm.dll+0x667666]
C  [ucrtbase.dll+0x21bb2]
C  [KERNEL32.DLL+0x17034]
C  [ntdll.dll+0x52651]

VM_Operation (0x000000831c1fd630): G1CollectForAllocation, mode: safepoint, requested by thread 0x0000027e1f23bcc0


---------------  P R O C E S S  ---------------

Threads class SMR info:
_java_thread_list=0x0000027e1f9616f0, length=20, elements={
0x0000027e7f4c66f0, 0x0000027e7f4c75b0, 0x0000027e7f507f60, 0x0000027e7f4e97b0,
0x0000027e7f4ec570, 0x0000027e1ad1f190, 0x0000027e1ad1fec0, 0x0000027e1ad23940,
0x0000027e1ad89050, 0x0000027e1ae87250, 0x0000027e1ae1c490, 0x0000027e1d15a9b0,
0x0000027e1f2357d0, 0x0000027e1f236270, 0x0000027e1f23acd0, 0x0000027e1f235d20,
0x0000027e1f23b220, 0x0000027e1f23bcc0, 0x0000027e1f23b770, 0x0000027e1f236d10
}

Java Threads: ( => current thread )
  0x0000027e7f4c66f0 JavaThread "Reference Handler" daemon [_thread_blocked, id=14800, stack(0x000000831ab00000,0x000000831ac00000)]
  0x0000027e7f4c75b0 JavaThread "Finalizer" daemon [_thread_blocked, id=27876, stack(0x000000831ac00000,0x000000831ad00000)]
  0x0000027e7f507f60 JavaThread "Signal Dispatcher" daemon [_thread_blocked, id=17884, stack(0x000000831ae00000,0x000000831af00000)]
  0x0000027e7f4e97b0 JavaThread "Attach Listener" daemon [_thread_blocked, id=13284, stack(0x000000831af00000,0x000000831b000000)]
  0x0000027e7f4ec570 JavaThread "Service Thread" daemon [_thread_blocked, id=24696, stack(0x000000831b000000,0x000000831b100000)]
  0x0000027e1ad1f190 JavaThread "Monitor Deflation Thread" daemon [_thread_blocked, id=15752, stack(0x000000831b100000,0x000000831b200000)]
  0x0000027e1ad1fec0 JavaThread "C2 CompilerThread0" daemon [_thread_blocked, id=11920, stack(0x000000831b200000,0x000000831b300000)]
  0x0000027e1ad23940 JavaThread "C1 CompilerThread0" daemon [_thread_blocked, id=12432, stack(0x000000831b300000,0x000000831b400000)]
  0x0000027e1ad89050 JavaThread "Sweeper thread" daemon [_thread_blocked, id=13180, stack(0x000000831b400000,0x000000831b500000)]
  0x0000027e1ae87250 JavaThread "Notification Thread" daemon [_thread_blocked, id=29788, stack(0x000000831b500000,0x000000831b600000)]
  0x0000027e1ae1c490 JavaThread "Common-Cleaner" daemon [_thread_blocked, id=35284, stack(0x000000831b700000,0x000000831b800000)]
  0x0000027e1d15a9b0 JavaThread "Live Reload Server" daemon [_thread_in_native, id=25776, stack(0x000000831c700000,0x000000831c800000)]
  0x0000027e1f2357d0 JavaThread "DestroyJavaVM" [_thread_blocked, id=10588, stack(0x000000831a400000,0x000000831a500000)]
  0x0000027e1f236270 JavaThread "Catalina-utility-1" [_thread_blocked, id=26392, stack(0x000000831bc00000,0x000000831bd00000)]
  0x0000027e1f23acd0 JavaThread "Catalina-utility-2" [_thread_blocked, id=14588, stack(0x000000831bd00000,0x000000831be00000)]
  0x0000027e1f235d20 JavaThread "container-0" [_thread_blocked, id=17040, stack(0x000000831be00000,0x000000831bf00000)]
  0x0000027e1f23b220 JavaThread "HikariPool-2 housekeeper" daemon [_thread_blocked, id=8252, stack(0x000000831a300000,0x000000831a400000)]
  0x0000027e1f23bcc0 JavaThread "File Watcher" daemon [_thread_blocked, id=33236, stack(0x000000831c100000,0x000000831c200000)]
  0x0000027e1f23b770 JavaThread "http-nio-8080-Poller" daemon [_thread_in_native, id=36644, stack(0x000000831c300000,0x000000831c400000)]
  0x0000027e1f236d10 JavaThread "http-nio-8080-Acceptor" daemon [_thread_in_native, id=27288, stack(0x000000831c400000,0x000000831c500000)]

Other Threads:
=>0x0000027e7f48cc90 VMThread "VM Thread" [stack: 0x000000831aa00000,0x000000831ab00000] [id=4988]
  0x0000027e1ae8d790 WatcherThread [stack: 0x000000831b600000,0x000000831b700000] [id=24932]
  0x0000027e7dd49530 GCTaskThread "GC Thread#0" [stack: 0x000000831a500000,0x000000831a600000] [id=1416]
  0x0000027e1b7cd450 GCTaskThread "GC Thread#1" [stack: 0x000000831b800000,0x000000831b900000] [id=19980]
  0x0000027e1b574270 GCTaskThread "GC Thread#2" [stack: 0x000000831b900000,0x000000831ba00000] [id=6852]
  0x0000027e1b574580 GCTaskThread "GC Thread#3" [stack: 0x000000831ba00000,0x000000831bb00000] [id=21644]
  0x0000027e7dd57500 ConcurrentGCThread "G1 Main Marker" [stack: 0x000000831a600000,0x000000831a700000] [id=25104]
  0x0000027e7dd57ff0 ConcurrentGCThread "G1 Conc#0" [stack: 0x000000831a700000,0x000000831a800000] [id=36220]
  0x0000027e7ddd8ab0 ConcurrentGCThread "G1 Refine#0" [stack: 0x000000831a800000,0x000000831a900000] [id=28808]
  0x0000027e1b5758a0 ConcurrentGCThread "G1 Refine#1" [stack: 0x000000831bb00000,0x000000831bc00000] [id=34672]
  0x0000027e7ddd95b0 ConcurrentGCThread "G1 Service" [stack: 0x000000831a900000,0x000000831aa00000] [id=29020]

Threads with active compile tasks:

VM state: at safepoint (normal execution)

VM Mutex/Monitor currently owned by a thread:  ([mutex/lock_event])
[0x0000027e7dd00460] Threads_lock - owner thread: 0x0000027e7f48cc90
[0x0000027e7dd00730] Heap_lock - owner thread: 0x0000027e1f23bcc0

Heap address: 0x0000000741800000, size: 3048 MB, Compressed Oops mode: Zero based, Oop shift amount: 3

CDS disabled.
Compressed class space mapped at: 0x0000000800000000-0x0000000840000000, reserved size: 1073741824
Narrow klass base: 0x0000000800000000, Narrow klass shift: 0, Narrow klass range: 0x40000000

GC Precious Log:
 CPUs: 4 total, 4 available
 Memory: 12185M
 Large Page Support: Disabled
 NUMA Support: Disabled
 Compressed Oops: Enabled (Zero based)
 Heap Region Size: 2M
 Heap Min Capacity: 8M
 Heap Initial Capacity: 192M
 Heap Max Capacity: 3048M
 Pre-touch: Disabled
 Parallel Workers: 4
 Concurrent Workers: 1
 Concurrent Refinement Workers: 4
 Periodic GC: Disabled

Heap:
 garbage-first heap   total 71680K, used 26798K [0x0000000741800000, 0x0000000800000000)
  region size 2048K, 2 young (4096K), 2 survivors (4096K)
 Metaspace       used 65543K, committed 65984K, reserved 1114112K
  class space    used 8186K, committed 8448K, reserved 1048576K

Heap Regions: E=young(eden), S=young(survivor), O=old, HS=humongous(starts), HC=humongous(continues), CS=collection set, F=free, OA=open archive, CA=closed archive, TAMS=top-at-mark-start (previous, next)
|   0|0x0000000741800000, 0x00000007419fb870, 0x0000000741a00000| 99%| O|  |TAMS 0x0000000741800000, 0x0000000741800000| Untracked 
|   1|0x0000000741a00000, 0x0000000741bfffd8, 0x0000000741c00000| 99%| O|  |TAMS 0x0000000741a00000, 0x0000000741a00000| Untracked 
|   2|0x0000000741c00000, 0x0000000741dffff8, 0x0000000741e00000| 99%| O|  |TAMS 0x0000000741c00000, 0x0000000741c00000| Untracked 
|   3|0x0000000741e00000, 0x0000000741ffffd0, 0x0000000742000000| 99%| O|  |TAMS 0x0000000741e00000, 0x0000000741e00000| Untracked 
|   4|0x0000000742000000, 0x00000007421ffff8, 0x0000000742200000| 99%| O|  |TAMS 0x0000000742000000, 0x0000000742000000| Untracked 
|   5|0x0000000742200000, 0x00000007423ffff0, 0x0000000742400000| 99%| O|  |TAMS 0x0000000742200000, 0x0000000742200000| Untracked 
|   6|0x0000000742400000, 0x00000007425ffff8, 0x0000000742600000| 99%| O|  |TAMS 0x0000000742400000, 0x0000000742400000| Untracked 
|   7|0x0000000742600000, 0x00000007427ffff0, 0x0000000742800000| 99%| O|  |TAMS 0x0000000742600000, 0x0000000742600000| Untracked 
|   8|0x0000000742800000, 0x00000007429c3380, 0x0000000742a00000| 88%| O|  |TAMS 0x0000000742800000, 0x0000000742800000| Untracked 
|   9|0x0000000742a00000, 0x0000000742bffff0, 0x0000000742c00000| 99%| O|  |TAMS 0x0000000742a00000, 0x0000000742a00000| Untracked 
|  10|0x0000000742c00000, 0x0000000742c6c088, 0x0000000742e00000| 21%| O|  |TAMS 0x0000000742c00000, 0x0000000742c00000| Untracked 
|  11|0x0000000742e00000, 0x0000000743000000, 0x0000000743000000|100%| O|  |TAMS 0x0000000742e00000, 0x0000000742e00000| Untracked 
|  12|0x0000000743000000, 0x0000000743189e00, 0x0000000743200000| 76%| O|  |TAMS 0x0000000743000000, 0x0000000743000000| Untracked 
|  13|0x0000000743200000, 0x0000000743200000, 0x0000000743400000|  0%| F|  |TAMS 0x0000000743200000, 0x0000000743200000| Untracked 
|  14|0x0000000743400000, 0x0000000743400000, 0x0000000743600000|  0%| F|  |TAMS 0x0000000743400000, 0x0000000743400000| Untracked 
|  15|0x0000000743600000, 0x0000000743600000, 0x0000000743800000|  0%| F|  |TAMS 0x0000000743600000, 0x0000000743600000| Untracked 
|  16|0x0000000743800000, 0x0000000743800000, 0x0000000743a00000|  0%| F|  |TAMS 0x0000000743800000, 0x0000000743800000| Untracked 
|  17|0x0000000743a00000, 0x0000000743a00000, 0x0000000743c00000|  0%| F|  |TAMS 0x0000000743a00000, 0x0000000743a00000| Untracked 
|  18|0x0000000743c00000, 0x0000000743c00000, 0x0000000743e00000|  0%| F|  |TAMS 0x0000000743c00000, 0x0000000743c00000| Untracked 
|  19|0x0000000743e00000, 0x0000000743e771c8, 0x0000000744000000| 23%| S|CS|TAMS 0x0000000743e00000, 0x0000000743e00000| Complete 
|  20|0x0000000744000000, 0x0000000744000000, 0x0000000744200000|  0%| F|  |TAMS 0x0000000744000000, 0x0000000744000000| Untracked 
|  21|0x0000000744200000, 0x0000000744400000, 0x0000000744400000|100%| S|CS|TAMS 0x0000000744200000, 0x0000000744200000| Complete 
|  22|0x0000000744400000, 0x0000000744400000, 0x0000000744600000|  0%| F|  |TAMS 0x0000000744400000, 0x0000000744400000| Untracked 
|  23|0x0000000744600000, 0x0000000744600000, 0x0000000744800000|  0%| F|  |TAMS 0x0000000744600000, 0x0000000744600000| Untracked 
|  24|0x0000000744800000, 0x0000000744800000, 0x0000000744a00000|  0%| F|  |TAMS 0x0000000744800000, 0x0000000744800000| Untracked 
|  25|0x0000000744a00000, 0x0000000744a00000, 0x0000000744c00000|  0%| F|  |TAMS 0x0000000744a00000, 0x0000000744a00000| Untracked 
|  26|0x0000000744c00000, 0x0000000744c00000, 0x0000000744e00000|  0%| F|  |TAMS 0x0000000744c00000, 0x0000000744c00000| Untracked 
|  27|0x0000000744e00000, 0x0000000744e00000, 0x0000000745000000|  0%| F|  |TAMS 0x0000000744e00000, 0x0000000744e00000| Untracked 
|  28|0x0000000745000000, 0x0000000745000000, 0x0000000745200000|  0%| F|  |TAMS 0x0000000745000000, 0x0000000745000000| Untracked 
|  29|0x0000000745200000, 0x0000000745200000, 0x0000000745400000|  0%| F|  |TAMS 0x0000000745200000, 0x0000000745200000| Untracked 
|  44|0x0000000747000000, 0x0000000747000000, 0x0000000747200000|  0%| F|  |TAMS 0x0000000747000000, 0x0000000747000000| Untracked 
|  45|0x0000000747200000, 0x0000000747200000, 0x0000000747400000|  0%| F|  |TAMS 0x0000000747200000, 0x0000000747200000| Untracked 
|  46|0x0000000747400000, 0x0000000747400000, 0x0000000747600000|  0%| F|  |TAMS 0x0000000747400000, 0x0000000747400000| Untracked 
|  95|0x000000074d600000, 0x000000074d600000, 0x000000074d800000|  0%| F|  |TAMS 0x000000074d600000, 0x000000074d600000| Untracked 
|1523|0x00000007ffe00000, 0x00000007ffe00000, 0x0000000800000000|  0%| F|  |TAMS 0x00000007ffe00000, 0x00000007ffe00000| Untracked 

Card table byte_map: [0x0000027e7e3e0000,0x0000027e7e9e0000] _byte_map_base: 0x0000027e7a9d4000

Marking Bits (Prev, Next): (CMBitMap*) 0x0000027e7dd4ac30, (CMBitMap*) 0x0000027e7dd4ac70
 Prev Bits: [0x0000027e12490000, 0x0000027e15430000)
 Next Bits: [0x0000027e15430000, 0x0000027e183d0000)

Polling page: 0x0000027e7d4e0000

Metaspace:

Usage:
  Non-class:     56.01 MB used.
      Class:      7.99 MB used.
       Both:     64.01 MB used.

Virtual space:
  Non-class space:       64.00 MB reserved,      56.19 MB ( 88%) committed,  8 nodes.
      Class space:        1.00 GB reserved,       8.25 MB ( <1%) committed,  1 nodes.
              Both:        1.06 GB reserved,      64.44 MB (  6%) committed. 

Chunk freelists:
   Non-Class:  3.50 MB
       Class:  3.62 MB
        Both:  7.12 MB

MaxMetaspaceSize: 17179869184.00 GB
CompressedClassSpaceSize: 1.00 GB
 - commit_granule_bytes: 65536.
 - commit_granule_words: 8192.
 - virtual_space_node_default_size: 1048576.
 - enlarge_chunks_in_place: 1.
 - new_chunks_are_fully_committed: 0.
 - uncommit_free_chunks: 1.
 - use_allocation_guard: 0.
 - handle_deallocations: 1.


Internal statistics:

num_allocs_failed_limit: 11.
num_arena_births: 514.
num_arena_deaths: 0.
num_vsnodes_births: 9.
num_vsnodes_deaths: 0.
num_space_committed: 1031.
num_space_uncommitted: 0.
num_chunks_returned_to_freelist: 11.
num_chunks_taken_from_freelist: 2666.
num_chunk_merges: 8.
num_chunk_splits: 1831.
num_chunks_enlarged: 1386.
num_purges: 2.

CodeHeap 'non-profiled nmethods': size=120000Kb used=3765Kb max_used=3765Kb free=116234Kb
 bounds [0x0000027e0af60000, 0x0000027e0b310000, 0x0000027e12490000]
CodeHeap 'profiled nmethods': size=120000Kb used=11996Kb max_used=11996Kb free=108003Kb
 bounds [0x0000027e03a30000, 0x0000027e045f0000, 0x0000027e0af60000]
CodeHeap 'non-nmethods': size=5760Kb used=1272Kb max_used=1327Kb free=4487Kb
 bounds [0x0000027e03490000, 0x0000027e03700000, 0x0000027e03a30000]
 total_blobs=6812 nmethods=6237 adapters=486
 compilation: enabled
              stopped_count=0, restarted_count=0
 full_count=0

Compilation events (20 events):
Event: 409.452 Thread 0x0000027e1ad23940 7069       3       sun.nio.ch.WindowsSelectorImpl::adjustThreadsCount (132 bytes)
Event: 409.453 Thread 0x0000027e1ad23940 nmethod 7069 0x0000027e045e0a90 code [0x0000027e045e0d00, 0x0000027e045e1738]
Event: 409.453 Thread 0x0000027e1ad23940 7070       3       sun.nio.ch.WindowsSelectorImpl$FinishLock::reset (17 bytes)
Event: 409.453 Thread 0x0000027e1ad23940 nmethod 7070 0x0000027e045e1a90 code [0x0000027e045e1c40, 0x0000027e045e1e48]
Event: 409.454 Thread 0x0000027e1ad23940 7071       3       java.nio.channels.spi.AbstractSelector::begin (48 bytes)
Event: 409.455 Thread 0x0000027e1ad23940 nmethod 7071 0x0000027e045e1f10 code [0x0000027e045e2100, 0x0000027e045e2798]
Event: 410.452 Thread 0x0000027e1ad23940 7072       3       sun.nio.ch.WindowsSelectorImpl$SubSelector::processSelectedKeys (75 bytes)
Event: 410.453 Thread 0x0000027e1ad23940 nmethod 7072 0x0000027e045e2a10 code [0x0000027e045e2be0, 0x0000027e045e2e08]
Event: 410.454 Thread 0x0000027e1ad23940 7073   !   3       org.apache.tomcat.util.net.NioEndpoint$Poller::timeout (565 bytes)
Event: 410.463 Thread 0x0000027e1ad23940 nmethod 7073 0x0000027e045e2f10 code [0x0000027e045e3520, 0x0000027e045e6ba8]
Event: 410.463 Thread 0x0000027e1ad23940 7074       3       sun.nio.ch.SelectorImpl::keys (9 bytes)
Event: 410.463 Thread 0x0000027e1ad23940 nmethod 7074 0x0000027e045e8090 code [0x0000027e045e8260, 0x0000027e045e8548]
Event: 410.463 Thread 0x0000027e1ad23940 7075       3       org.apache.tomcat.util.net.NioEndpoint::access$100 (4 bytes)
Event: 410.464 Thread 0x0000027e1ad23940 nmethod 7075 0x0000027e03defd90 code [0x0000027e03deff20, 0x0000027e03df0018]
Event: 414.489 Thread 0x0000027e1ad1fec0 7076       4       java.util.Collections$UnmodifiableCollection::iterator (9 bytes)
Event: 414.494 Thread 0x0000027e1ad1fec0 nmethod 7076 0x0000027e0b30cf10 code [0x0000027e0b30d0a0, 0x0000027e0b30d278]
Event: 414.756 Thread 0x0000027e1ad1fec0 7077       4       java.util.concurrent.locks.AbstractQueuedSynchronizer$Node::setStatusRelaxed (12 bytes)
Event: 414.757 Thread 0x0000027e1ad1fec0 nmethod 7077 0x0000027e0b30d390 code [0x0000027e0b30d500, 0x0000027e0b30d578]
Event: 416.183 Thread 0x0000027e1ad23940 7078       3       java.util.concurrent.atomic.AtomicIntegerFieldUpdater$AtomicIntegerFieldUpdaterImpl::accessCheck (17 bytes)
Event: 416.184 Thread 0x0000027e1ad23940 nmethod 7078 0x0000027e045e8690 code [0x0000027e045e8840, 0x0000027e045e8a08]

GC Heap History (20 events):
Event: 12.373 GC heap after
{Heap after GC invocations=13 (full 0):
 garbage-first heap   total 71680K, used 17013K [0x0000000741800000, 0x0000000800000000)
  region size 2048K, 2 young (4096K), 2 survivors (4096K)
 Metaspace       used 45182K, committed 45440K, reserved 1089536K
  class space    used 5523K, committed 5632K, reserved 1048576K
}
Event: 13.595 GC heap before
{Heap before GC invocations=13 (full 0):
 garbage-first heap   total 71680K, used 49781K [0x0000000741800000, 0x0000000800000000)
  region size 2048K, 19 young (38912K), 2 survivors (4096K)
 Metaspace       used 53259K, committed 53568K, reserved 1097728K
  class space    used 6695K, committed 6848K, reserved 1048576K
}
Event: 13.605 GC heap after
{Heap after GC invocations=14 (full 0):
 garbage-first heap   total 71680K, used 18666K [0x0000000741800000, 0x0000000800000000)
  region size 2048K, 3 young (6144K), 3 survivors (6144K)
 Metaspace       used 53259K, committed 53568K, reserved 1097728K
  class space    used 6695K, committed 6848K, reserved 1048576K
}
Event: 14.699 GC heap before
{Heap before GC invocations=14 (full 0):
 garbage-first heap   total 71680K, used 51434K [0x0000000741800000, 0x0000000800000000)
  region size 2048K, 19 young (38912K), 3 survivors (6144K)
 Metaspace       used 58277K, committed 58624K, reserved 1105920K
  class space    used 7327K, committed 7488K, reserved 1048576K
}
Event: 14.713 GC heap after
{Heap after GC invocations=15 (full 0):
 garbage-first heap   total 71680K, used 21127K [0x0000000741800000, 0x0000000800000000)
  region size 2048K, 3 young (6144K), 3 survivors (6144K)
 Metaspace       used 58277K, committed 58624K, reserved 1105920K
  class space    used 7327K, committed 7488K, reserved 1048576K
}
Event: 14.966 GC heap before
{Heap before GC invocations=15 (full 0):
 garbage-first heap   total 71680K, used 33415K [0x0000000741800000, 0x0000000800000000)
  region size 2048K, 10 young (20480K), 3 survivors (6144K)
 Metaspace       used 59085K, committed 59456K, reserved 1105920K
  class space    used 7420K, committed 7616K, reserved 1048576K
}
Event: 14.975 GC heap after
{Heap after GC invocations=16 (full 0):
 garbage-first heap   total 71680K, used 21879K [0x0000000741800000, 0x0000000800000000)
  region size 2048K, 2 young (4096K), 2 survivors (4096K)
 Metaspace       used 59085K, committed 59456K, reserved 1105920K
  class space    used 7420K, committed 7616K, reserved 1048576K
}
Event: 15.960 GC heap before
{Heap before GC invocations=17 (full 0):
 garbage-first heap   total 71680K, used 52599K [0x0000000741800000, 0x0000000800000000)
  region size 2048K, 17 young (34816K), 2 survivors (4096K)
 Metaspace       used 61217K, committed 61632K, reserved 1105920K
  class space    used 7752K, committed 7936K, reserved 1048576K
}
Event: 15.974 GC heap after
{Heap after GC invocations=18 (full 0):
 garbage-first heap   total 71680K, used 23972K [0x0000000741800000, 0x0000000800000000)
  region size 2048K, 3 young (6144K), 3 survivors (6144K)
 Metaspace       used 61217K, committed 61632K, reserved 1105920K
  class space    used 7752K, committed 7936K, reserved 1048576K
}
Event: 232.023 GC heap before
{Heap before GC invocations=18 (full 0):
 garbage-first heap   total 71680K, used 50596K [0x0000000741800000, 0x0000000800000000)
  region size 2048K, 17 young (34816K), 3 survivors (6144K)
 Metaspace       used 64001K, committed 64448K, reserved 1105920K
  class space    used 8126K, committed 8320K, reserved 1048576K
}
Event: 232.118 GC heap after
{Heap after GC invocations=19 (full 1):
 garbage-first heap   total 71680K, used 20650K [0x0000000741800000, 0x0000000800000000)
  region size 2048K, 0 young (0K), 0 survivors (0K)
 Metaspace       used 64001K, committed 64448K, reserved 1105920K
  class space    used 8126K, committed 8320K, reserved 1048576K
}
Event: 234.062 GC heap before
{Heap before GC invocations=19 (full 1):
 garbage-first heap   total 71680K, used 51370K [0x0000000741800000, 0x0000000800000000)
  region size 2048K, 16 young (32768K), 0 survivors (0K)
 Metaspace       used 64470K, committed 64960K, reserved 1105920K
  class space    used 8146K, committed 8384K, reserved 1048576K
}
Event: 234.076 GC heap after
{Heap after GC invocations=20 (full 1):
 garbage-first heap   total 71680K, used 23390K [0x0000000741800000, 0x0000000800000000)
  region size 2048K, 2 young (4096K), 2 survivors (4096K)
 Metaspace       used 64470K, committed 64960K, reserved 1105920K
  class space    used 8146K, committed 8384K, reserved 1048576K
}
Event: 234.097 GC heap before
{Heap before GC invocations=20 (full 1):
 garbage-first heap   total 71680K, used 50014K [0x0000000741800000, 0x0000000800000000)
  region size 2048K, 16 young (32768K), 2 survivors (4096K)
 Metaspace       used 64470K, committed 64960K, reserved 1105920K
  class space    used 8146K, committed 8384K, reserved 1048576K
}
Event: 234.102 GC heap after
{Heap after GC invocations=21 (full 1):
 garbage-first heap   total 71680K, used 23162K [0x0000000741800000, 0x0000000800000000)
  region size 2048K, 1 young (2048K), 1 survivors (2048K)
 Metaspace       used 64470K, committed 64960K, reserved 1105920K
  class space    used 8146K, committed 8384K, reserved 1048576K
}
Event: 238.099 GC heap before
{Heap before GC invocations=21 (full 1):
 garbage-first heap   total 71680K, used 49786K [0x0000000741800000, 0x0000000800000000)
  region size 2048K, 15 young (30720K), 1 survivors (2048K)
 Metaspace       used 64924K, committed 65408K, reserved 1114112K
  class space    used 8161K, committed 8384K, reserved 1048576K
}
Event: 238.102 GC heap after
{Heap after GC invocations=22 (full 1):
 garbage-first heap   total 71680K, used 24373K [0x0000000741800000, 0x0000000800000000)
  region size 2048K, 1 young (2048K), 1 survivors (2048K)
 Metaspace       used 64924K, committed 65408K, reserved 1114112K
  class space    used 8161K, committed 8384K, reserved 1048576K
}
Event: 238.437 GC heap before
{Heap before GC invocations=22 (full 1):
 garbage-first heap   total 71680K, used 53045K [0x0000000741800000, 0x0000000800000000)
  region size 2048K, 15 young (30720K), 1 survivors (2048K)
 Metaspace       used 65241K, committed 65728K, reserved 1114112K
  class space    used 8174K, committed 8384K, reserved 1048576K
}
Event: 238.442 GC heap after
{Heap after GC invocations=23 (full 1):
 garbage-first heap   total 71680K, used 25508K [0x0000000741800000, 0x0000000800000000)
  region size 2048K, 2 young (4096K), 2 survivors (4096K)
 Metaspace       used 65241K, committed 65728K, reserved 1114112K
  class space    used 8174K, committed 8384K, reserved 1048576K
}
Event: 424.702 GC heap before
{Heap before GC invocations=23 (full 1):
 garbage-first heap   total 71680K, used 52132K [0x0000000741800000, 0x0000000800000000)
  region size 2048K, 15 young (30720K), 2 survivors (4096K)
 Metaspace       used 65543K, committed 65984K, reserved 1114112K
  class space    used 8186K, committed 8448K, reserved 1048576K
}

Deoptimization events (20 events):
Event: 238.628 Thread 0x0000027e1f23a780 Uncommon trap: trap_request=0xffffffbe fr.pc=0x0000027e0b2eaf90 relative=0x0000000000003d90
Event: 238.628 Thread 0x0000027e1f23a780 Uncommon trap: reason=profile_predicate action=maybe_recompile pc=0x0000027e0b2eaf90 method=org.springframework.transaction.annotation.AnnotationTransactionAttributeSource.determineTransactionAttribute(Ljava/lang/reflect/AnnotatedElement;)Lorg/springframe
Event: 238.628 Thread 0x0000027e1f23a780 DEOPT PACKING pc=0x0000027e0b2eaf90 sp=0x000000831adfcff0
Event: 238.628 Thread 0x0000027e1f23a780 DEOPT UNPACKING pc=0x0000027e034dd72e sp=0x000000831adfd008 mode 2
Event: 238.628 Thread 0x0000027e1f23a780 Uncommon trap: trap_request=0xffffffbe fr.pc=0x0000027e0b2eaf90 relative=0x0000000000003d90
Event: 238.628 Thread 0x0000027e1f23a780 Uncommon trap: reason=profile_predicate action=maybe_recompile pc=0x0000027e0b2eaf90 method=org.springframework.transaction.annotation.AnnotationTransactionAttributeSource.determineTransactionAttribute(Ljava/lang/reflect/AnnotatedElement;)Lorg/springframe
Event: 238.628 Thread 0x0000027e1f23a780 DEOPT PACKING pc=0x0000027e0b2eaf90 sp=0x000000831adfcff0
Event: 238.628 Thread 0x0000027e1f23a780 DEOPT UNPACKING pc=0x0000027e034dd72e sp=0x000000831adfd008 mode 2
Event: 238.629 Thread 0x0000027e1f23a780 Uncommon trap: trap_request=0xffffffbe fr.pc=0x0000027e0b2eaf90 relative=0x0000000000003d90
Event: 238.629 Thread 0x0000027e1f23a780 Uncommon trap: reason=profile_predicate action=maybe_recompile pc=0x0000027e0b2eaf90 method=org.springframework.transaction.annotation.AnnotationTransactionAttributeSource.determineTransactionAttribute(Ljava/lang/reflect/AnnotatedElement;)Lorg/springframe
Event: 238.629 Thread 0x0000027e1f23a780 DEOPT PACKING pc=0x0000027e0b2eaf90 sp=0x000000831adfcff0
Event: 238.629 Thread 0x0000027e1f23a780 DEOPT UNPACKING pc=0x0000027e034dd72e sp=0x000000831adfd008 mode 2
Event: 238.665 Thread 0x0000027e1f23a780 DEOPT PACKING pc=0x0000027e040f09ee sp=0x000000831adfccb0
Event: 238.665 Thread 0x0000027e1f23a780 DEOPT UNPACKING pc=0x0000027e034ddece sp=0x000000831adfc210 mode 0
Event: 238.743 Thread 0x0000027e1f23a780 Uncommon trap: trap_request=0xffffffde fr.pc=0x0000027e0b0b9738 relative=0x0000000000000898
Event: 238.743 Thread 0x0000027e1f23a780 Uncommon trap: reason=class_check action=maybe_recompile pc=0x0000027e0b0b9738 method=org.springframework.core.ResolvableType.equals(Ljava/lang/Object;)Z @ 66 c2
Event: 238.743 Thread 0x0000027e1f23a780 DEOPT PACKING pc=0x0000027e0b0b9738 sp=0x000000831adfcb80
Event: 238.743 Thread 0x0000027e1f23a780 DEOPT UNPACKING pc=0x0000027e034dd72e sp=0x000000831adfcb48 mode 2
Event: 238.770 Thread 0x0000027e1f23a780 DEOPT PACKING pc=0x0000027e040f09ee sp=0x000000831adfcc90
Event: 238.770 Thread 0x0000027e1f23a780 DEOPT UNPACKING pc=0x0000027e034ddece sp=0x000000831adfc1f0 mode 0

Classes unloaded (0 events):
No events

Classes redefined (0 events):
No events

Internal exceptions (20 events):
Event: 234.188 Thread 0x0000027e1f23a780 Exception <a 'java/io/FileNotFoundException'{0x00000007470ec110}> (0x00000007470ec110) 
thrown [t:\workspace\open\src\hotspot\share\prims\jni.cpp, line 579]
Event: 234.344 Thread 0x0000027e1f23a780 Exception <a 'java/io/FileNotFoundException'{0x0000000745299e40}> (0x0000000745299e40) 
thrown [t:\workspace\open\src\hotspot\share\prims\jni.cpp, line 579]
Event: 238.113 Thread 0x0000027e1f23a780 Exception <a 'java/lang/ClassNotFoundException'{0x00000007ffee9f08}: java/lang/ObjectCustomizer> (0x00000007ffee9f08) 
thrown [t:\workspace\open\src\hotspot\share\classfile\systemDictionary.cpp, line 256]
Event: 238.115 Thread 0x0000027e1f23a780 Exception <a 'java/lang/ClassNotFoundException'{0x00000007ffef3df0}: com/selectivegames/main/selectivegames/model/SubscriptionCustomizer> (0x00000007ffef3df0) 
thrown [t:\workspace\open\src\hotspot\share\classfile\systemDictionary.cpp, line 256]
Event: 238.159 Thread 0x0000027e1f23a780 Exception <a 'java/lang/reflect/InvocationTargetException'{0x0000000747536018}> (0x0000000747536018) 
thrown [t:\workspace\open\src\hotspot\share\runtime\reflection.cpp, line 1157]
Event: 238.194 Thread 0x0000027e1f23a780 Exception <a 'java/lang/ClassNotFoundException'{0x0000000747203ca8}: java/lang/ObjectCustomizer> (0x0000000747203ca8) 
thrown [t:\workspace\open\src\hotspot\share\classfile\systemDictionary.cpp, line 256]
Event: 238.195 Thread 0x0000027e1f23a780 Exception <a 'java/lang/ClassNotFoundException'{0x000000074720cc38}: com/selectivegames/main/selectivegames/model/ServiceInfoCustomizer> (0x000000074720cc38) 
thrown [t:\workspace\open\src\hotspot\share\classfile\systemDictionary.cpp, line 256]
Event: 238.229 Thread 0x0000027e1f23a780 Exception <a 'java/lang/reflect/InvocationTargetException'{0x000000074522dfb8}> (0x000000074522dfb8) 
thrown [t:\workspace\open\src\hotspot\share\runtime\reflection.cpp, line 1157]
Event: 238.249 Thread 0x0000027e1f23a780 Exception <a 'java/lang/ClassNotFoundException'{0x00000007452cd638}: java/lang/ObjectCustomizer> (0x00000007452cd638) 
thrown [t:\workspace\open\src\hotspot\share\classfile\systemDictionary.cpp, line 256]
Event: 238.250 Thread 0x0000027e1f23a780 Exception <a 'java/lang/ClassNotFoundException'{0x00000007452d6468}: com/selectivegames/main/selectivegames/model/LoggingCustomizer> (0x00000007452d6468) 
thrown [t:\workspace\open\src\hotspot\share\classfile\systemDictionary.cpp, line 256]
Event: 238.294 Thread 0x0000027e1f23a780 Exception <a 'java/lang/ClassNotFoundException'{0x0000000744ee7f60}: java/lang/ObjectCustomizer> (0x0000000744ee7f60) 
thrown [t:\workspace\open\src\hotspot\share\classfile\systemDictionary.cpp, line 256]
Event: 238.295 Thread 0x0000027e1f23a780 Exception <a 'java/lang/ClassNotFoundException'{0x0000000744ef1050}: com/selectivegames/main/selectivegames/model/CategoryCustomizer> (0x0000000744ef1050) 
thrown [t:\workspace\open\src\hotspot\share\classfile\systemDictionary.cpp, line 256]
Event: 238.301 Thread 0x0000027e1f23a780 Exception <a 'java/lang/ClassNotFoundException'{0x0000000744f28288}: java/lang/ObjectCustomizer> (0x0000000744f28288) 
thrown [t:\workspace\open\src\hotspot\share\classfile\systemDictionary.cpp, line 256]
Event: 238.303 Thread 0x0000027e1f23a780 Exception <a 'java/lang/ClassNotFoundException'{0x0000000744f31088}: com/selectivegames/main/selectivegames/model/GameCustomizer> (0x0000000744f31088) 
thrown [t:\workspace\open\src\hotspot\share\classfile\systemDictionary.cpp, line 256]
Event: 238.344 Thread 0x0000027e1f23a780 Exception <a 'java/lang/reflect/InvocationTargetException'{0x0000000744b82dd8}> (0x0000000744b82dd8) 
thrown [t:\workspace\open\src\hotspot\share\runtime\reflection.cpp, line 1157]
Event: 238.397 Thread 0x0000027e1f23a780 Exception <a 'java/lang/reflect/InvocationTargetException'{0x000000074441daf0}> (0x000000074441daf0) 
thrown [t:\workspace\open\src\hotspot\share\runtime\reflection.cpp, line 1157]
Event: 238.410 Thread 0x0000027e1f23a780 Exception <a 'java/lang/ClassNotFoundException'{0x00000007444baf68}: java/lang/ObjectCustomizer> (0x00000007444baf68) 
thrown [t:\workspace\open\src\hotspot\share\classfile\systemDictionary.cpp, line 256]
Event: 238.412 Thread 0x0000027e1f23a780 Exception <a 'java/lang/ClassNotFoundException'{0x00000007444c3d08}: com/selectivegames/main/selectivegames/model/DLRCustomizer> (0x00000007444c3d08) 
thrown [t:\workspace\open\src\hotspot\share\classfile\systemDictionary.cpp, line 256]
Event: 238.455 Thread 0x0000027e1f23a780 Exception <a 'java/lang/ClassNotFoundException'{0x00000007fff085a0}: java/lang/ObjectCustomizer> (0x00000007fff085a0) 
thrown [t:\workspace\open\src\hotspot\share\classfile\systemDictionary.cpp, line 256]
Event: 238.456 Thread 0x0000027e1f23a780 Exception <a 'java/lang/ClassNotFoundException'{0x00000007fff113d0}: com/selectivegames/main/selectivegames/model/MessageCustomizer> (0x00000007fff113d0) 
thrown [t:\workspace\open\src\hotspot\share\classfile\systemDictionary.cpp, line 256]

Events (20 events):
Event: 238.898 Thread 0x0000027e1f23a230 Thread exited: 0x0000027e1f23a230
Event: 239.051 Thread 0x0000027e1f93cdf0 Thread exited: 0x0000027e1f93cdf0
Event: 239.453 Executing  VM operation: Cleanup
Event: 239.454 Executing  VM operation: Cleanup done
Event: 240.467 Executing  VM operation: Cleanup
Event: 240.467 Executing  VM operation: Cleanup done
Event: 245.518 Executing  VM operation: Cleanup
Event: 245.518 Executing  VM operation: Cleanup done
Event: 246.530 Executing  VM operation: Cleanup
Event: 246.530 Executing  VM operation: Cleanup done
Event: 251.275 Thread 0x0000027e1f2367c0 Thread exited: 0x0000027e1f2367c0
Event: 286.897 Executing  VM operation: Cleanup
Event: 286.897 Executing  VM operation: Cleanup done
Event: 288.905 Executing  VM operation: Cleanup
Event: 288.905 Executing  VM operation: Cleanup done
Event: 410.014 Executing  VM operation: Cleanup
Event: 410.014 Executing  VM operation: Cleanup done
Event: 416.059 Executing  VM operation: Cleanup
Event: 416.059 Executing  VM operation: Cleanup done
Event: 424.702 Executing  VM operation: G1CollectForAllocation


Dynamic libraries:
0x00007ff7e30f0000 - 0x00007ff7e30fe000 	D:\Software\eclipse-jee-2021-06-R-win32-x86_64\eclipse\plugins\org.eclipse.justj.openjdk.hotspot.jre.full.win32.x86_64_16.0.1.v20210528-1205\jre\bin\javaw.exe
0x00007ff8a1770000 - 0x00007ff8a1965000 	C:\Windows\SYSTEM32\ntdll.dll
0x00007ff8a0690000 - 0x00007ff8a074e000 	C:\Windows\System32\KERNEL32.DLL
0x00007ff89ee90000 - 0x00007ff89f159000 	C:\Windows\System32\KERNELBASE.dll
0x00007ff89f570000 - 0x00007ff89f670000 	C:\Windows\System32\ucrtbase.dll
0x00007ff8788b0000 - 0x00007ff8788c8000 	D:\Software\eclipse-jee-2021-06-R-win32-x86_64\eclipse\plugins\org.eclipse.justj.openjdk.hotspot.jre.full.win32.x86_64_16.0.1.v20210528-1205\jre\bin\jli.dll
0x00007ff8a0a40000 - 0x00007ff8a0be1000 	C:\Windows\System32\USER32.dll
0x00007ff89f540000 - 0x00007ff89f562000 	C:\Windows\System32\win32u.dll
0x00007ff89fbd0000 - 0x00007ff89fbfb000 	C:\Windows\System32\GDI32.dll
0x00007ff89f3e0000 - 0x00007ff89f4eb000 	C:\Windows\System32\gdi32full.dll
0x00007ff89f720000 - 0x00007ff89f7bd000 	C:\Windows\System32\msvcp_win.dll
0x00007ff89c130000 - 0x00007ff89c149000 	D:\Software\eclipse-jee-2021-06-R-win32-x86_64\eclipse\plugins\org.eclipse.justj.openjdk.hotspot.jre.full.win32.x86_64_16.0.1.v20210528-1205\jre\bin\VCRUNTIME140.dll
0x00007ff88b400000 - 0x00007ff88b69a000 	C:\Windows\WinSxS\amd64_microsoft.windows.common-controls_6595b64144ccf1df_6.0.19041.1110_none_60b5254171f9507e\COMCTL32.dll
0x00007ff89f8a0000 - 0x00007ff89f93e000 	C:\Windows\System32\msvcrt.dll
0x00007ff89fc00000 - 0x00007ff89fc30000 	C:\Windows\System32\IMM32.DLL
0x00007ff88a5c0000 - 0x00007ff88a5cc000 	D:\Software\eclipse-jee-2021-06-R-win32-x86_64\eclipse\plugins\org.eclipse.justj.openjdk.hotspot.jre.full.win32.x86_64_16.0.1.v20210528-1205\jre\bin\vcruntime140_1.dll
0x00007ff871a90000 - 0x00007ff871b21000 	D:\Software\eclipse-jee-2021-06-R-win32-x86_64\eclipse\plugins\org.eclipse.justj.openjdk.hotspot.jre.full.win32.x86_64_16.0.1.v20210528-1205\jre\bin\msvcp140.dll
0x00007ff866fa0000 - 0x00007ff867b4b000 	D:\Software\eclipse-jee-2021-06-R-win32-x86_64\eclipse\plugins\org.eclipse.justj.openjdk.hotspot.jre.full.win32.x86_64_16.0.1.v20210528-1205\jre\bin\server\jvm.dll
0x00007ff8a08e0000 - 0x00007ff8a098c000 	C:\Windows\System32\ADVAPI32.dll
0x00007ff8a14e0000 - 0x00007ff8a157b000 	C:\Windows\System32\sechost.dll
0x00007ff8a15f0000 - 0x00007ff8a171a000 	C:\Windows\System32\RPCRT4.dll
0x00007ff8a1720000 - 0x00007ff8a1728000 	C:\Windows\System32\PSAPI.DLL
0x00007ff88acd0000 - 0x00007ff88acd9000 	C:\Windows\SYSTEM32\WSOCK32.dll
0x00007ff8a0140000 - 0x00007ff8a01ab000 	C:\Windows\System32\WS2_32.dll
0x00007ff88ac60000 - 0x00007ff88ac87000 	C:\Windows\SYSTEM32\WINMM.dll
0x00007ff893a60000 - 0x00007ff893a6a000 	C:\Windows\SYSTEM32\VERSION.dll
0x00007ff89d740000 - 0x00007ff89d752000 	C:\Windows\SYSTEM32\kernel.appcore.dll
0x00007ff886850000 - 0x00007ff88685a000 	D:\Software\eclipse-jee-2021-06-R-win32-x86_64\eclipse\plugins\org.eclipse.justj.openjdk.hotspot.jre.full.win32.x86_64_16.0.1.v20210528-1205\jre\bin\jimage.dll
0x00007ff89d4f0000 - 0x00007ff89d6d4000 	C:\Windows\SYSTEM32\DBGHELP.DLL
0x00007ff88df10000 - 0x00007ff88df3c000 	C:\Windows\SYSTEM32\dbgcore.DLL
0x00007ff89f190000 - 0x00007ff89f213000 	C:\Windows\System32\bcryptPrimitives.dll
0x00007ff8783b0000 - 0x00007ff8783d5000 	D:\Software\eclipse-jee-2021-06-R-win32-x86_64\eclipse\plugins\org.eclipse.justj.openjdk.hotspot.jre.full.win32.x86_64_16.0.1.v20210528-1205\jre\bin\java.dll
0x00007ff878390000 - 0x00007ff8783a8000 	D:\Software\eclipse-jee-2021-06-R-win32-x86_64\eclipse\plugins\org.eclipse.justj.openjdk.hotspot.jre.full.win32.x86_64_16.0.1.v20210528-1205\jre\bin\zip.dll
0x00007ff8a0da0000 - 0x00007ff8a14df000 	C:\Windows\System32\SHELL32.dll
0x00007ff89cca0000 - 0x00007ff89d430000 	C:\Windows\SYSTEM32\windows.storage.dll
0x00007ff89fde0000 - 0x00007ff8a0135000 	C:\Windows\System32\combase.dll
0x00007ff89e810000 - 0x00007ff89e83c000 	C:\Windows\SYSTEM32\Wldp.dll
0x00007ff89f940000 - 0x00007ff89f9ed000 	C:\Windows\System32\SHCORE.dll
0x00007ff8a0880000 - 0x00007ff8a08d5000 	C:\Windows\System32\shlwapi.dll
0x00007ff89edd0000 - 0x00007ff89edef000 	C:\Windows\SYSTEM32\profapi.dll
0x00007ff878370000 - 0x00007ff878389000 	D:\Software\eclipse-jee-2021-06-R-win32-x86_64\eclipse\plugins\org.eclipse.justj.openjdk.hotspot.jre.full.win32.x86_64_16.0.1.v20210528-1205\jre\bin\net.dll
0x00007ff8953f0000 - 0x00007ff8954f8000 	C:\Windows\SYSTEM32\WINHTTP.dll
0x00007ff89e570000 - 0x00007ff89e5da000 	C:\Windows\system32\mswsock.dll
0x00007ff86b890000 - 0x00007ff86b8a3000 	D:\Software\eclipse-jee-2021-06-R-win32-x86_64\eclipse\plugins\org.eclipse.justj.openjdk.hotspot.jre.full.win32.x86_64_16.0.1.v20210528-1205\jre\bin\nio.dll
0x00007ff884c70000 - 0x00007ff884c80000 	D:\Software\eclipse-jee-2021-06-R-win32-x86_64\eclipse\plugins\org.eclipse.justj.openjdk.hotspot.jre.full.win32.x86_64_16.0.1.v20210528-1205\jre\bin\verify.dll
0x00007ff898a30000 - 0x00007ff898a39000 	D:\Software\eclipse-jee-2021-06-R-win32-x86_64\eclipse\plugins\org.eclipse.justj.openjdk.hotspot.jre.full.win32.x86_64_16.0.1.v20210528-1205\jre\bin\management.dll
0x00007ff896ea0000 - 0x00007ff896eab000 	D:\Software\eclipse-jee-2021-06-R-win32-x86_64\eclipse\plugins\org.eclipse.justj.openjdk.hotspot.jre.full.win32.x86_64_16.0.1.v20210528-1205\jre\bin\management_ext.dll
0x00007ff88bc70000 - 0x00007ff88bc87000 	C:\Windows\system32\napinsp.dll
0x00007ff88b6f0000 - 0x00007ff88b70b000 	C:\Windows\system32\pnrpnsp.dll
0x00007ff8990e0000 - 0x00007ff8990f5000 	C:\Windows\system32\wshbth.dll
0x00007ff899ec0000 - 0x00007ff899edd000 	C:\Windows\system32\NLAapi.dll
0x00007ff89e260000 - 0x00007ff89e29b000 	C:\Windows\SYSTEM32\IPHLPAPI.DLL
0x00007ff89e2a0000 - 0x00007ff89e36c000 	C:\Windows\SYSTEM32\DNSAPI.dll
0x00007ff8a15e0000 - 0x00007ff8a15e8000 	C:\Windows\System32\NSI.dll
0x00007ff88b3e0000 - 0x00007ff88b3f2000 	C:\Windows\System32\winrnr.dll
0x00007ff8965f0000 - 0x00007ff8965fa000 	C:\Windows\System32\rasadhlp.dll
0x00007ff894da0000 - 0x00007ff894e1f000 	C:\Windows\System32\fwpuclnt.dll
0x00007ff89f160000 - 0x00007ff89f187000 	C:\Windows\System32\bcrypt.dll
0x00007ff89e770000 - 0x00007ff89e788000 	C:\Windows\SYSTEM32\CRYPTSP.dll
0x00007ff89def0000 - 0x00007ff89df24000 	C:\Windows\system32\rsaenh.dll
0x00007ff89ed50000 - 0x00007ff89ed7e000 	C:\Windows\SYSTEM32\USERENV.dll
0x00007ff89e760000 - 0x00007ff89e76c000 	C:\Windows\SYSTEM32\CRYPTBASE.dll
0x00007ff896750000 - 0x00007ff896767000 	C:\Windows\SYSTEM32\dhcpcsvc6.DLL
0x00007ff896730000 - 0x00007ff89674d000 	C:\Windows\SYSTEM32\dhcpcsvc.DLL
0x00007ff899f30000 - 0x00007ff899f3e000 	D:\Software\eclipse-jee-2021-06-R-win32-x86_64\eclipse\plugins\org.eclipse.justj.openjdk.hotspot.jre.full.win32.x86_64_16.0.1.v20210528-1205\jre\bin\sunmscapi.dll
0x00007ff89f280000 - 0x00007ff89f3d6000 	C:\Windows\System32\CRYPT32.dll
0x00007ff89e880000 - 0x00007ff89e8a7000 	C:\Windows\SYSTEM32\ncrypt.dll
0x00007ff89e840000 - 0x00007ff89e87b000 	C:\Windows\SYSTEM32\NTASN1.dll
0x00007ff899200000 - 0x00007ff899207000 	C:\Windows\system32\wshunix.dll

dbghelp: loaded successfully - version: 4.0.5 - missing functions: none
symbol engine: initialized successfully - sym options: 0x614 - pdb path: .;D:\Software\eclipse-jee-2021-06-R-win32-x86_64\eclipse\plugins\org.eclipse.justj.openjdk.hotspot.jre.full.win32.x86_64_16.0.1.v20210528-1205\jre\bin;C:\Windows\SYSTEM32;C:\Windows\WinSxS\amd64_microsoft.windows.common-controls_6595b64144ccf1df_6.0.19041.1110_none_60b5254171f9507e;D:\Software\eclipse-jee-2021-06-R-win32-x86_64\eclipse\plugins\org.eclipse.justj.openjdk.hotspot.jre.full.win32.x86_64_16.0.1.v20210528-1205\jre\bin\server

VM Arguments:
jvm_args: -Dfile.encoding=UTF-8 -XX:+ShowCodeDetailsInExceptionMessages 
java_command: com.selectivegames.main.selectivegames.SelectiveGamesApplication
java_class_path (initial): D:\SpringProjects\selective-games\target\classes;C:\Users\Amit Jamwal\.m2\repository\org\springframework\boot\spring-boot-starter-data-jpa\2.5.6\spring-boot-starter-data-jpa-2.5.6.jar;C:\Users\Amit Jamwal\.m2\repository\org\springframework\boot\spring-boot-starter-aop\2.5.6\spring-boot-starter-aop-2.5.6.jar;C:\Users\Amit Jamwal\.m2\repository\org\aspectj\aspectjweaver\1.9.7\aspectjweaver-1.9.7.jar;C:\Users\Amit Jamwal\.m2\repository\org\springframework\boot\spring-boot-starter-jdbc\2.5.6\spring-boot-starter-jdbc-2.5.6.jar;C:\Users\Amit Jamwal\.m2\repository\com\zaxxer\HikariCP\4.0.3\HikariCP-4.0.3.jar;C:\Users\Amit Jamwal\.m2\repository\org\springframework\spring-jdbc\5.3.12\spring-jdbc-5.3.12.jar;C:\Users\Amit Jamwal\.m2\repository\jakarta\transaction\jakarta.transaction-api\1.3.3\jakarta.transaction-api-1.3.3.jar;C:\Users\Amit Jamwal\.m2\repository\jakarta\persistence\jakarta.persistence-api\2.2.3\jakarta.persistence-api-2.2.3.jar;C:\Users\Amit Jamwal\.m2\repository\org\hibernate\hibernate-core\5.4.32.Final\hibernate-core-5.4.32.Final.jar;C:\Users\Amit Jamwal\.m2\repository\org\jboss\logging\jboss-logging\3.4.2.Final\jboss-logging-3.4.2.Final.jar;C:\Users\Amit Jamwal\.m2\repository\org\javassist\javassist\3.27.0-GA\javassist-3.27.0-GA.jar;C:\Users\Amit Jamwal\.m2\repository\net\bytebuddy\byte-buddy\1.10.22\byte-buddy-1.10.22.jar;C:\Users\Amit Jamwal\.m2\repository\antlr\antlr\2.7.7\antlr-2.7.7.jar;C:\Users\Amit Jamwal\.m2\repository\org\jboss\jandex\2.2.3.Final\jandex-2.2.3.Final.jar;C:\Users\Amit Jamwal\.m2\repository\com\fasterxml\classmate\1.5.1\classmate-1.5.1.jar;C:\Users\Amit Jamwal\.m2\repository\org\dom4j\dom4j\2.1.3\dom4j-2.1.3.jar;C:\Users\Amit Jamwal\.m2\repository\org\hibernate\common\hibernate-commons-annotations\5.1.2.Final\hibernate-commons-annotations-5.1.2.Final.jar;C:\Users\Amit Jamwal\.m2\repository\org\glassfish\jaxb\jaxb-runtime\2.3.5\jaxb-runtime-2.3.5.jar;C:\Users\Amit Jamwal\.m2\repository\jakarta\xml\bind\jakar
Launcher Type: SUN_STANDARD

[Global flags]
     intx CICompilerCount                          = 3                                         {product} {ergonomic}
     uint ConcGCThreads                            = 1                                         {product} {ergonomic}
     uint G1ConcRefinementThreads                  = 4                                         {product} {ergonomic}
   size_t G1HeapRegionSize                         = 2097152                                   {product} {ergonomic}
    uintx GCDrainStackTargetSize                   = 64                                        {product} {ergonomic}
   size_t InitialHeapSize                          = 201326592                                 {product} {ergonomic}
   size_t MarkStackSize                            = 4194304                                   {product} {ergonomic}
   size_t MaxHeapSize                              = 3196059648                                {product} {ergonomic}
   size_t MaxNewSize                               = 1916796928                                {product} {ergonomic}
   size_t MinHeapDeltaBytes                        = 2097152                                   {product} {ergonomic}
   size_t MinHeapSize                              = 8388608                                   {product} {ergonomic}
    uintx NonNMethodCodeHeapSize                   = 5832780                                {pd product} {ergonomic}
    uintx NonProfiledCodeHeapSize                  = 122912730                              {pd product} {ergonomic}
    uintx ProfiledCodeHeapSize                     = 122912730                              {pd product} {ergonomic}
    uintx ReservedCodeCacheSize                    = 251658240                              {pd product} {ergonomic}
     bool SegmentedCodeCache                       = true                                      {product} {ergonomic}
     bool ShowCodeDetailsInExceptionMessages       = true                                   {manageable} {command line}
   size_t SoftMaxHeapSize                          = 3196059648                             {manageable} {ergonomic}
     bool UseCompressedClassPointers               = true                           {product lp64_product} {ergonomic}
     bool UseCompressedOops                        = true                           {product lp64_product} {ergonomic}
     bool UseG1GC                                  = true                                      {product} {ergonomic}
     bool UseLargePagesIndividualAllocation        = false                                  {pd product} {ergonomic}

Logging:
Log output configuration:
 #0: stdout all=warning uptime,level,tags
 #1: stderr all=off uptime,level,tags

Environment Variables:
PATH=D:/Software/eclipse-jee-2021-06-R-win32-x86_64/eclipse//plugins/org.eclipse.justj.openjdk.hotspot.jre.full.win32.x86_64_16.0.1.v20210528-1205/jre/bin/server;D:/Software/eclipse-jee-2021-06-R-win32-x86_64/eclipse//plugins/org.eclipse.justj.openjdk.hotspot.jre.full.win32.x86_64_16.0.1.v20210528-1205/jre/bin;C:\Program Files (x86)\Common Files\Oracle\Java\javapath;C:\Windows\system32;C:\Windows;C:\Windows\System32\Wbem;C:\Windows\System32\WindowsPowerShell\v1.0\;C:\Windows\System32\OpenSSH\;C:\Program Files\nodejs\;C:\Program Files\PuTTY\;C:\Program Files\Git\cmd;C:\Users\Amit Jamwal\AppData\Local\Microsoft\WindowsApps;C:\Users\Amit Jamwal\AppData\Roaming\npm;C:\Users\Amit Jamwal\AppData\Local\Programs\Microsoft VS Code\bin;C:\Users\Amit Jamwal\AppData\Local\GitHubDesktop\bin;D:\Software\eclipse-jee-2021-06-R-win32-x86_64\eclipse;
USERNAME=Amit Jamwal
OS=Windows_NT
PROCESSOR_IDENTIFIER=Intel64 Family 6 Model 69 Stepping 1, GenuineIntel



---------------  S Y S T E M  ---------------

OS:
 Windows 10 , 64 bit Build 19041 (10.0.19041.1202)
OS uptime: 17 days 3:59 hours

CPU: total 4 (initial active 4) (2 cores per cpu, 2 threads per core) family 6 model 69 stepping 1 microcode 0x25, cx8, cmov, fxsr, ht, mmx, sse, sse2, sse3, ssse3, sse4.1, sse4.2, popcnt, lzcnt, tsc, tscinvbit, avx, avx2, aes, erms, clmul, bmi1, bmi2, fma, vzeroupper, clflush

Memory: 4k page, system-wide physical 12185M (1673M free)
TotalPageFile size 21934M (AvailPageFile size 27M)
current process WorkingSet (physical memory assigned to process): 221M, peak: 268M
current process commit charge ("private bytes"): 244M, peak: 302M

vm_info: OpenJDK 64-Bit Server VM (16.0.1+9-24) for windows-amd64 JRE (16.0.1+9-24), built on Mar 26 2021 19:30:07 by "mach5one" with MS VC++ 16.7 (VS2019)

END.
