#
# There is insufficient memory for the Java Runtime Environment to continue.
# Native memory allocation (mmap) failed to map 201326592 bytes for G1 virtual space
# Possible reasons:
#   The system is out of physical RAM or swap space
#   The process is running with CompressedOops enabled, and the Java Heap may be blocking the growth of the native heap
# Possible solutions:
#   Reduce memory load on the system
#   Increase physical memory or swap space
#   Check if swap backing store is full
#   Decrease Java heap size (-Xmx/-Xms)
#   Decrease number of Java threads
#   Decrease Java thread stack sizes (-Xss)
#   Set larger code cache with -XX:ReservedCodeCacheSize=
#   JVM is running with Zero Based Compressed Oops mode in which the Java heap is
#     placed in the first 32GB address space. The Java Heap base address is the
#     maximum limit for the native heap growth. Please use -XX:HeapBaseMinAddress
#     to set the Java Heap base and to place the Java Heap above 32GB virtual address.
# This output file may be truncated or incomplete.
#
#  Out of Memory Error (os_windows.cpp:3466), pid=21956, tid=19240
#
# JRE version:  (16.0.1+9) (build )
# Java VM: OpenJDK 64-Bit Server VM (16.0.1+9-24, mixed mode, sharing, tiered, compressed oops, compressed class ptrs, g1 gc, windows-amd64)
# No core dump will be written. Minidumps are not enabled by default on client versions of Windows
#

---------------  S U M M A R Y ------------

Command Line: C:\Users\AMITJA~1\AppData\Local\Temp\surefire13598643103380747073\surefirebooter15061334361203241068.jar C:\Users\Amit Jamwal\AppData\Local\Temp\surefire13598643103380747073 2021-11-12T17-06-37_013-jvmRun1 surefire7956700686572980955tmp surefire_02439562754192065148tmp

Host: Intel(R) Core(TM) i5-4300U CPU @ 1.90GHz, 4 cores, 11G,  Windows 10 , 64 bit Build 19041 (10.0.19041.1202)
Time: Fri Nov 12 17:06:37 2021 India Standard Time elapsed time: 0.021199 seconds (0d 0h 0m 0s)

---------------  T H R E A D  ---------------

Current thread (0x000001fd7b5892e0):  JavaThread "Unknown thread" [_thread_in_vm, id=19240, stack(0x000000c275f00000,0x000000c276000000)]

Stack: [0x000000c275f00000,0x000000c276000000]
Native frames: (J=compiled Java code, j=interpreted, Vv=VM code, C=native code)
V  [jvm.dll+0x6687ca]
V  [jvm.dll+0x7ca3c9]
V  [jvm.dll+0x7cbb53]
V  [jvm.dll+0x7cc1b3]
V  [jvm.dll+0x242ea5]
V  [jvm.dll+0x665589]
V  [jvm.dll+0x65a175]
V  [jvm.dll+0x2fc5ab]
V  [jvm.dll+0x3037a6]
V  [jvm.dll+0x352fee]
V  [jvm.dll+0x35321f]
V  [jvm.dll+0x2d3618]
V  [jvm.dll+0x2d4854]
V  [jvm.dll+0x79ccb1]
V  [jvm.dll+0x360de1]
V  [jvm.dll+0x77a990]
V  [jvm.dll+0x3e55af]
V  [jvm.dll+0x3e7081]
C  [jli.dll+0x52fb]
C  [ucrtbase.dll+0x21bb2]
C  [KERNEL32.DLL+0x17034]
C  [ntdll.dll+0x52651]


---------------  P R O C E S S  ---------------

Threads class SMR info:
_java_thread_list=0x00007ff867aacbb8, length=0, elements={
}

Java Threads: ( => current thread )

Other Threads:
  0x000001fd7b5cfdd0 GCTaskThread "GC Thread#0" [stack: 0x000000c276000000,0x000000c276100000] [id=11324]
  0x000001fd7b5dcc30 ConcurrentGCThread "G1 Main Marker" [stack: 0x000000c276100000,0x000000c276200000] [id=29148]
  0x000001fd7b5ded70 ConcurrentGCThread "G1 Conc#0" [stack: 0x000000c276200000,0x000000c276300000] [id=15352]

[error occurred during error reporting (printing all threads), id 0xc0000005, EXCEPTION_ACCESS_VIOLATION (0xc0000005) at pc=0x00007ff8672844d7]

VM state: not at safepoint (not fully initialized)

VM Mutex/Monitor currently owned by a thread:  ([mutex/lock_event])
[0x000001fd7b585ed0] Heap_lock - owner thread: 0x000001fd7b5892e0

Heap address: 0x0000000741800000, size: 3048 MB, Compressed Oops mode: Zero based, Oop shift amount: 3

CDS archive(s) mapped at: [0x0000000000000000-0x0000000000000000-0x0000000000000000), size 0, SharedBaseAddress: 0x0000000800000000, ArchiveRelocationMode: 0.
Narrow klass base: 0x0000000000000000, Narrow klass shift: 0, Narrow klass range: 0x0

GC Precious Log:
<Empty>

Heap:
 garbage-first heap   total 0K, used 0K [0x0000000741800000, 0x0000000800000000)
  region size 2048K, 0 young (0K), 0 survivors (0K)

[error occurred during error reporting (printing heap information), id 0xc0000005, EXCEPTION_ACCESS_VIOLATION (0xc0000005) at pc=0x00007ff8676624ed]

GC Heap History (0 events):
No events

Deoptimization events (0 events):
No events

Classes unloaded (0 events):
No events

Classes redefined (0 events):
No events

Internal exceptions (0 events):
No events

Events (1 events):
Event: 0.013 Loaded shared library D:\Software\eclipse-jee-2021-06-R-win32-x86_64\eclipse\plugins\org.eclipse.justj.openjdk.hotspot.jre.full.win32.x86_64_16.0.1.v20210528-1205\jre\bin\java.dll


Dynamic libraries:
0x00007ff7b3380000 - 0x00007ff7b338e000 	D:\Software\eclipse-jee-2021-06-R-win32-x86_64\eclipse\plugins\org.eclipse.justj.openjdk.hotspot.jre.full.win32.x86_64_16.0.1.v20210528-1205\jre\bin\java.exe
0x00007ff8a1770000 - 0x00007ff8a1965000 	C:\Windows\SYSTEM32\ntdll.dll
0x00007ff8a0690000 - 0x00007ff8a074e000 	C:\Windows\System32\KERNEL32.DLL
0x00007ff89ee90000 - 0x00007ff89f159000 	C:\Windows\System32\KERNELBASE.dll
0x00007ff89f570000 - 0x00007ff89f670000 	C:\Windows\System32\ucrtbase.dll
0x00007ff8788b0000 - 0x00007ff8788c8000 	D:\Software\eclipse-jee-2021-06-R-win32-x86_64\eclipse\plugins\org.eclipse.justj.openjdk.hotspot.jre.full.win32.x86_64_16.0.1.v20210528-1205\jre\bin\jli.dll
0x00007ff89c130000 - 0x00007ff89c149000 	D:\Software\eclipse-jee-2021-06-R-win32-x86_64\eclipse\plugins\org.eclipse.justj.openjdk.hotspot.jre.full.win32.x86_64_16.0.1.v20210528-1205\jre\bin\VCRUNTIME140.dll
0x00007ff8a0a40000 - 0x00007ff8a0be1000 	C:\Windows\System32\USER32.dll
0x00007ff88b400000 - 0x00007ff88b69a000 	C:\Windows\WinSxS\amd64_microsoft.windows.common-controls_6595b64144ccf1df_6.0.19041.1110_none_60b5254171f9507e\COMCTL32.dll
0x00007ff89f540000 - 0x00007ff89f562000 	C:\Windows\System32\win32u.dll
0x00007ff89f8a0000 - 0x00007ff89f93e000 	C:\Windows\System32\msvcrt.dll
0x00007ff89fbd0000 - 0x00007ff89fbfb000 	C:\Windows\System32\GDI32.dll
0x00007ff89f3e0000 - 0x00007ff89f4eb000 	C:\Windows\System32\gdi32full.dll
0x00007ff89f720000 - 0x00007ff89f7bd000 	C:\Windows\System32\msvcp_win.dll
0x00007ff89fc00000 - 0x00007ff89fc30000 	C:\Windows\System32\IMM32.DLL
0x00007ff88a5c0000 - 0x00007ff88a5cc000 	D:\Software\eclipse-jee-2021-06-R-win32-x86_64\eclipse\plugins\org.eclipse.justj.openjdk.hotspot.jre.full.win32.x86_64_16.0.1.v20210528-1205\jre\bin\vcruntime140_1.dll
0x00007ff871a90000 - 0x00007ff871b21000 	D:\Software\eclipse-jee-2021-06-R-win32-x86_64\eclipse\plugins\org.eclipse.justj.openjdk.hotspot.jre.full.win32.x86_64_16.0.1.v20210528-1205\jre\bin\msvcp140.dll
0x00007ff866fa0000 - 0x00007ff867b4b000 	D:\Software\eclipse-jee-2021-06-R-win32-x86_64\eclipse\plugins\org.eclipse.justj.openjdk.hotspot.jre.full.win32.x86_64_16.0.1.v20210528-1205\jre\bin\server\jvm.dll
0x00007ff8a08e0000 - 0x00007ff8a098c000 	C:\Windows\System32\ADVAPI32.dll
0x00007ff8a14e0000 - 0x00007ff8a157b000 	C:\Windows\System32\sechost.dll
0x00007ff8a15f0000 - 0x00007ff8a171a000 	C:\Windows\System32\RPCRT4.dll
0x00007ff8a1720000 - 0x00007ff8a1728000 	C:\Windows\System32\PSAPI.DLL
0x00007ff88acd0000 - 0x00007ff88acd9000 	C:\Windows\SYSTEM32\WSOCK32.dll
0x00007ff88ac60000 - 0x00007ff88ac87000 	C:\Windows\SYSTEM32\WINMM.dll
0x00007ff8a0140000 - 0x00007ff8a01ab000 	C:\Windows\System32\WS2_32.dll
0x00007ff893a60000 - 0x00007ff893a6a000 	C:\Windows\SYSTEM32\VERSION.dll
0x00007ff89d740000 - 0x00007ff89d752000 	C:\Windows\SYSTEM32\kernel.appcore.dll
0x00007ff886850000 - 0x00007ff88685a000 	D:\Software\eclipse-jee-2021-06-R-win32-x86_64\eclipse\plugins\org.eclipse.justj.openjdk.hotspot.jre.full.win32.x86_64_16.0.1.v20210528-1205\jre\bin\jimage.dll
0x00007ff89d4f0000 - 0x00007ff89d6d4000 	C:\Windows\SYSTEM32\DBGHELP.DLL
0x00007ff88df10000 - 0x00007ff88df3c000 	C:\Windows\SYSTEM32\dbgcore.DLL
0x00007ff89f190000 - 0x00007ff89f213000 	C:\Windows\System32\bcryptPrimitives.dll
0x00007ff8783b0000 - 0x00007ff8783d5000 	D:\Software\eclipse-jee-2021-06-R-win32-x86_64\eclipse\plugins\org.eclipse.justj.openjdk.hotspot.jre.full.win32.x86_64_16.0.1.v20210528-1205\jre\bin\java.dll

dbghelp: loaded successfully - version: 4.0.5 - missing functions: none
symbol engine: initialized successfully - sym options: 0x614 - pdb path: .;D:\Software\eclipse-jee-2021-06-R-win32-x86_64\eclipse\plugins\org.eclipse.justj.openjdk.hotspot.jre.full.win32.x86_64_16.0.1.v20210528-1205\jre\bin;C:\Windows\SYSTEM32;C:\Windows\WinSxS\amd64_microsoft.windows.common-controls_6595b64144ccf1df_6.0.19041.1110_none_60b5254171f9507e;D:\Software\eclipse-jee-2021-06-R-win32-x86_64\eclipse\plugins\org.eclipse.justj.openjdk.hotspot.jre.full.win32.x86_64_16.0.1.v20210528-1205\jre\bin\server

VM Arguments:
java_command: C:\Users\AMITJA~1\AppData\Local\Temp\surefire13598643103380747073\surefirebooter15061334361203241068.jar C:\Users\Amit Jamwal\AppData\Local\Temp\surefire13598643103380747073 2021-11-12T17-06-37_013-jvmRun1 surefire7956700686572980955tmp surefire_02439562754192065148tmp
java_class_path (initial): C:\Users\AMITJA~1\AppData\Local\Temp\surefire13598643103380747073\surefirebooter15061334361203241068.jar
Launcher Type: SUN_STANDARD

[Global flags]
     intx CICompilerCount                          = 3                                         {product} {ergonomic}
     uint ConcGCThreads                            = 1                                         {product} {ergonomic}
     uint G1ConcRefinementThreads                  = 4                                         {product} {ergonomic}
   size_t G1HeapRegionSize                         = 2097152                                   {product} {ergonomic}
    uintx GCDrainStackTargetSize                   = 64                                        {product} {ergonomic}
   size_t InitialHeapSize                          = 201326592                                 {product} {ergonomic}
   size_t MarkStackSize                            = 4194304                                   {product} {ergonomic}
   size_t MaxHeapSize                              = 3196059648                                {product} {ergonomic}
   size_t MinHeapDeltaBytes                        = 2097152                                   {product} {ergonomic}
   size_t MinHeapSize                              = 8388608                                   {product} {ergonomic}
    uintx NonNMethodCodeHeapSize                   = 5832780                                {pd product} {ergonomic}
    uintx NonProfiledCodeHeapSize                  = 122912730                              {pd product} {ergonomic}
    uintx ProfiledCodeHeapSize                     = 122912730                              {pd product} {ergonomic}
    uintx ReservedCodeCacheSize                    = 251658240                              {pd product} {ergonomic}
     bool SegmentedCodeCache                       = true                                      {product} {ergonomic}
   size_t SoftMaxHeapSize                          = 3196059648                             {manageable} {ergonomic}
     bool UseCompressedClassPointers               = true                           {product lp64_product} {ergonomic}
     bool UseCompressedOops                        = true                           {product lp64_product} {ergonomic}
     bool UseG1GC                                  = true                                      {product} {ergonomic}
     bool UseLargePagesIndividualAllocation        = false                                  {pd product} {ergonomic}

Logging:
Log output configuration:
 #0: stdout all=warning uptime,level,tags
 #1: stderr all=off uptime,level,tags

Environment Variables:
PATH=D:/Software/eclipse-jee-2021-06-R-win32-x86_64/eclipse//plugins/org.eclipse.justj.openjdk.hotspot.jre.full.win32.x86_64_16.0.1.v20210528-1205/jre/bin/server;D:/Software/eclipse-jee-2021-06-R-win32-x86_64/eclipse//plugins/org.eclipse.justj.openjdk.hotspot.jre.full.win32.x86_64_16.0.1.v20210528-1205/jre/bin;C:\Program Files (x86)\Common Files\Oracle\Java\javapath;C:\Windows\system32;C:\Windows;C:\Windows\System32\Wbem;C:\Windows\System32\WindowsPowerShell\v1.0\;C:\Windows\System32\OpenSSH\;C:\Program Files\nodejs\;C:\Program Files\PuTTY\;C:\Program Files\Git\cmd;C:\Users\Amit Jamwal\AppData\Local\Microsoft\WindowsApps;C:\Users\Amit Jamwal\AppData\Roaming\npm;C:\Users\Amit Jamwal\AppData\Local\Programs\Microsoft VS Code\bin;C:\Users\Amit Jamwal\AppData\Local\GitHubDesktop\bin;D:\Software\eclipse-jee-2021-06-R-win32-x86_64\eclipse;
USERNAME=Amit Jamwal
OS=Windows_NT
PROCESSOR_IDENTIFIER=Intel64 Family 6 Model 69 Stepping 1, GenuineIntel



---------------  S Y S T E M  ---------------

OS:
 Windows 10 , 64 bit Build 19041 (10.0.19041.1202)
OS uptime: 17 days 4:12 hours

CPU: total 4 (initial active 4) (2 cores per cpu, 2 threads per core) family 6 model 69 stepping 1 microcode 0x25, cx8, cmov, fxsr, ht, mmx, sse, sse2, sse3, ssse3, sse4.1, sse4.2, popcnt, lzcnt, tsc, tscinvbit, avx, avx2, aes, erms, clmul, bmi1, bmi2, fma, vzeroupper, clflush

Memory: 4k page, system-wide physical 12185M (1459M free)
TotalPageFile size 21934M (AvailPageFile size 82M)
current process WorkingSet (physical memory assigned to process): 10M, peak: 10M
current process commit charge ("private bytes"): 51M, peak: 243M

vm_info: OpenJDK 64-Bit Server VM (16.0.1+9-24) for windows-amd64 JRE (16.0.1+9-24), built on Mar 26 2021 19:30:07 by "mach5one" with MS VC++ 16.7 (VS2019)

END.
